c:\users\dmitry\source\repos\sbomberproject\sbomberproject\debug\vc142.pdb
c:\users\dmitry\source\repos\sbomberproject\sbomberproject\debug\vc142.idb
c:\users\dmitry\source\repos\sbomberproject\sbomberproject\debug\tank.obj
c:\users\dmitry\source\repos\sbomberproject\sbomberproject\debug\sbomberproject.obj
c:\users\dmitry\source\repos\sbomberproject\sbomberproject\debug\sbomber.obj
c:\users\dmitry\source\repos\sbomberproject\sbomberproject\debug\plane.obj
c:\users\dmitry\source\repos\sbomberproject\sbomberproject\debug\mytools.obj
c:\users\dmitry\source\repos\sbomberproject\sbomberproject\debug\levelgui.obj
c:\users\dmitry\source\repos\sbomberproject\sbomberproject\debug\house.obj
c:\users\dmitry\source\repos\sbomberproject\sbomberproject\debug\ground.obj
c:\users\dmitry\source\repos\sbomberproject\sbomberproject\debug\bomb.obj
c:\users\dmitry\source\repos\sbomberproject\debug\sbomberproject.ilk
c:\users\dmitry\source\repos\sbomberproject\debug\sbomberproject.exe
c:\users\dmitry\source\repos\sbomberproject\debug\sbomberproject.pdb
c:\users\dmitry\source\repos\sbomberproject\sbomberproject\debug\sbomberproject.tlog\cl.command.1.tlog
c:\users\dmitry\source\repos\sbomberproject\sbomberproject\debug\sbomberproject.tlog\cl.read.1.tlog
c:\users\dmitry\source\repos\sbomberproject\sbomberproject\debug\sbomberproject.tlog\cl.write.1.tlog
c:\users\dmitry\source\repos\sbomberproject\sbomberproject\debug\sbomberproject.tlog\link.command.1.tlog
c:\users\dmitry\source\repos\sbomberproject\sbomberproject\debug\sbomberproject.tlog\link.read.1.tlog
c:\users\dmitry\source\repos\sbomberproject\sbomberproject\debug\sbomberproject.tlog\link.write.1.tlog
